SF:lib/app_module.dart
DA:8,1
DA:9,1
DA:10,1
DA:11,0
DA:15,0
DA:16,0
DA:17,0
DA:18,0
DA:19,0
DA:21,0
DA:23,0
DA:25,0
DA:27,0
LF:13
LH:3
end_of_record
SF:lib/core/adapters/remote_client/remote_client.dart
DA:15,0
DA:18,0
DA:19,0
DA:20,0
DA:21,0
DA:24,0
DA:25,0
DA:26,0
DA:31,0
DA:34,0
DA:35,0
DA:36,0
DA:37,0
DA:40,0
DA:41,0
DA:42,0
LF:16
LH:0
end_of_record
SF:lib/core/generics/api_response.dart
DA:6,1
LF:1
LH:1
end_of_record
SF:lib/core/adapters/remote_client/remote_client_error.dart
DA:1,1
LF:1
LH:1
end_of_record
SF:lib/core/generics/resource.dart
DA:6,0
DA:8,0
DA:9,1
DA:10,1
DA:13,1
LF:5
LH:3
end_of_record
SF:lib/features/login/data/data_sources/login_remote_data_source.dart
DA:17,1
DA:19,3
DA:21,1
DA:23,2
DA:24,1
DA:26,2
LF:6
LH:6
end_of_record
SF:lib/features/login/login_module.dart
DA:10,0
DA:11,0
DA:12,0
DA:13,0
DA:14,0
DA:15,0
DA:16,0
DA:19,0
DA:20,0
DA:21,0
LF:10
LH:0
end_of_record
SF:lib/features/onboarding/onboarding_module.dart
DA:5,0
DA:8,0
DA:9,0
DA:10,0
LF:4
LH:0
end_of_record
SF:lib/features/register/register_module.dart
DA:5,0
DA:8,0
DA:9,0
DA:10,0
DA:11,0
LF:5
LH:0
end_of_record
SF:lib/features/login/data/login_error.dart
DA:1,1
LF:1
LH:1
end_of_record
SF:lib/features/login/data/repositories/login_repository.dart
DA:16,0
DA:18,0
DA:19,0
DA:20,0
DA:23,0
DA:24,0
DA:25,0
LF:7
LH:0
end_of_record
SF:lib/features/login/domain/entities/user_entity.dart
DA:8,0
DA:11,0
DA:12,0
DA:13,0
DA:14,0
DA:15,0
DA:16,0
DA:19,0
DA:20,0
DA:21,0
DA:22,0
DA:23,0
DA:24,0
LF:13
LH:0
end_of_record
SF:lib/features/login/domain/use_cases/login_with_credentials_use_case.dart
DA:15,0
DA:17,0
DA:19,0
DA:20,0
DA:21,0
DA:23,0
LF:6
LH:0
end_of_record
SF:lib/features/login/view/controller/login_controller.dart
DA:17,0
DA:18,0
DA:23,0
DA:24,0
DA:35,0
DA:36,0
DA:38,0
DA:39,0
DA:41,0
DA:42,0
DA:45,0
DA:46,0
DA:47,0
DA:48,0
DA:50,0
DA:51,0
DA:54,0
DA:56,0
DA:58,0
DA:59,0
LF:20
LH:0
end_of_record
SF:lib/features/login/view/controller/login_controller.g.dart
DA:14,0
DA:15,0
DA:16,0
DA:18,0
DA:21,0
DA:23,0
DA:25,0
DA:28,0
DA:30,0
DA:32,0
DA:37,0
DA:39,0
DA:40,0
DA:43,0
DA:45,0
DA:46,0
DA:53,0
DA:55,0
DA:56,0
DA:59,0
DA:61,0
DA:62,0
DA:69,0
DA:71,0
DA:72,0
DA:75,0
DA:77,0
DA:78,0
DA:85,0
DA:87,0
DA:88,0
DA:91,0
DA:93,0
DA:94,0
DA:101,0
DA:103,0
DA:104,0
DA:107,0
DA:109,0
DA:110,0
DA:111,0
DA:118,0
DA:120,0
DA:126,0
DA:128,0
DA:131,0
DA:133,0
DA:137,0
DA:139,0
DA:142,0
DA:144,0
DA:148,0
DA:150,0
DA:153,0
DA:155,0
DA:159,0
DA:161,0
DA:164,0
DA:166,0
DA:170,0
DA:173,0
DA:174,0
DA:175,0
DA:176,0
DA:177,0
DA:178,0
DA:179,0
DA:180,0
DA:181,0
LF:69
LH:0
end_of_record
SF:lib/features/login/view/page/login_page.dart
DA:10,0
DA:12,0
DA:14,0
DA:15,0
DA:17,0
DA:20,0
DA:33,0
DA:35,0
DA:36,0
DA:37,0
DA:38,0
DA:40,0
DA:42,0
DA:44,0
DA:48,0
DA:49,0
DA:50,0
DA:51,0
DA:52,0
DA:53,0
DA:56,0
DA:58,0
DA:59,0
DA:61,0
DA:64,0
DA:66,0
DA:67,0
DA:72,0
DA:77,0
DA:80,0
DA:81,0
DA:83,0
DA:85,0
DA:87,0
DA:88,0
DA:89,0
DA:90,0
DA:91,0
DA:92,0
DA:93,0
DA:94,0
DA:95,0
DA:96,0
DA:97,0
DA:111,0
DA:112,0
DA:117,0
DA:120,0
LF:48
LH:0
end_of_record
SF:lib/features/onboarding/view/onboarding_view.dart
DA:4,1
DA:6,0
LF:2
LH:1
end_of_record
SF:lib/features/register/view/register_view.dart
DA:6,0
DA:9,0
DA:11,0
DA:12,0
DA:13,0
DA:14,0
LF:6
LH:0
end_of_record
